<?xml version="1.0" encoding="UTF-8"?>
<testng-results skipped="0" failed="0" ignored="0" total="1" passed="1">
  <reporter-output>
  </reporter-output>
  <suite name="Default suite" duration-ms="5744" started-at="2018-11-16T23:41:38Z" finished-at="2018-11-16T23:41:44Z">
    <groups>
    </groups>
    <test name="Default test" duration-ms="5744" started-at="2018-11-16T23:41:38Z" finished-at="2018-11-16T23:41:44Z">
      <class name="com.qualityarc.training.sandbox.Driver">
        <test-method status="PASS" signature="invokeApp()[pri:0, instance:com.qualityarc.training.sandbox.Driver@13deb50e]" name="invokeApp" duration-ms="5717" started-at="2018-11-16T23:41:38Z" finished-at="2018-11-16T23:41:44Z">
          <reporter-output>
          </reporter-output>
        </test-method> <!-- invokeApp -->
      </class> <!-- com.qualityarc.training.sandbox.Driver -->
    </test> <!-- Default test -->
  </suite> <!-- Default suite -->
</testng-results>
